[2026-01-31 03:41:33] [INFO] Connexion établie à datas/kipacoin.db
[2026-01-31 03:41:33] [QUERY] SELECT 1
[2026-01-31 03:41:33] [QUERY] Execution du script d'initialisation : init_project/init_database.sql
[2026-01-31 03:41:33] [INFO] Déconnexion de la base de données
[2026-01-31 03:43:44] [INFO] Connexion établie à datas/kipacoin.db
[2026-01-31 03:43:44] [QUERY] SELECT 1
[2026-01-31 03:43:47] [INFO] Déconnexion de la base de données
[2026-01-31 03:59:05] [INFO] Connexion établie à datas/kipacoin.db
[2026-01-31 03:59:05] [QUERY] SELECT 1
[2026-01-31 03:59:07] [INFO] Déconnexion de la base de données
[2026-01-31 03:59:26] [INFO] Connexion établie à datas/kipacoin.db
[2026-01-31 03:59:26] [QUERY] SELECT 1
[2026-01-31 04:00:19] [INFO] Déconnexion de la base de données
[2026-01-31 04:02:30] [INFO] Connexion établie à datas/kipacoin.db
[2026-01-31 04:02:30] [QUERY] SELECT 1
[2026-01-31 04:03:47] [INFO] Déconnexion de la base de données
[2026-01-31 04:03:57] [INFO] Connexion établie à datas/kipacoin.db
[2026-01-31 04:03:57] [QUERY] SELECT 1
[2026-01-31 04:04:19] [INFO] Déconnexion de la base de données
[2026-01-31 04:04:35] [INFO] Connexion établie à datas/kipacoin.db
[2026-01-31 04:04:35] [QUERY] SELECT 1
[2026-01-31 04:05:23] [INFO] Déconnexion de la base de données
[2026-01-31 04:19:28] [INFO] Connexion établie à datas/kipacoin.db
[2026-01-31 04:19:28] [QUERY] SELECT 1
[2026-01-31 04:20:06] [INFO] Connexion établie à datas/kipacoin.db
[2026-01-31 04:20:06] [QUERY] Compte créé: Hicks (ID: 1)
[2026-01-31 12:17:30] [INFO] Déconnexion de la base de données
[2026-01-31 12:17:56] [INFO] Connexion établie à datas/kipacoin.db
[2026-01-31 12:17:56] [QUERY] SELECT 1
[2026-01-31 12:18:11] [INFO] Connexion établie à datas/kipacoin.db
[2026-01-31 12:18:19] [INFO] Connexion établie à datas/kipacoin.db
[2026-01-31 12:18:33] [INFO] Déconnexion de la base de données
[2026-01-31 12:18:35] [INFO] Connexion établie à datas/kipacoin.db
[2026-01-31 12:18:35] [QUERY] SELECT 1
[2026-01-31 12:18:45] [INFO] Connexion établie à datas/kipacoin.db
[2026-01-31 12:18:48] [INFO] Connexion établie à datas/kipacoin.db
[2026-01-31 12:18:50] [INFO] Connexion établie à datas/kipacoin.db
[2026-01-31 12:18:53] [INFO] Connexion établie à datas/kipacoin.db
[2026-01-31 12:18:57] [INFO] Déconnexion de la base de données
[2026-01-31 12:27:19] [INFO] Connexion établie à datas/kipacoin.db
[2026-01-31 12:27:19] [QUERY] SELECT 1
[2026-01-31 12:27:34] [INFO] Déconnexion de la base de données
[2026-01-31 12:28:20] [INFO] Connexion établie à datas/kipacoin.db
[2026-01-31 12:28:20] [QUERY] SELECT 1
[2026-01-31 12:28:25] [INFO] Déconnexion de la base de données
[2026-01-31 12:29:28] [INFO] Connexion établie à datas/kipacoin.db
[2026-01-31 12:29:28] [QUERY] SELECT 1
[2026-01-31 12:29:38] [INFO] Connexion établie à datas/kipacoin.db
[2026-01-31 12:29:40] [INFO] Connexion établie à datas/kipacoin.db
[2026-01-31 12:29:43] [INFO] Connexion établie à datas/kipacoin.db
[2026-01-31 13:10:25] [INFO] Connexion établie à datas/kipacoin.db
[2026-01-31 13:10:25] [QUERY] SELECT 1
[2026-01-31 13:10:34] [INFO] Connexion établie à datas/kipacoin.db
[2026-01-31 13:17:57] [INFO] Connexion établie à datas/kipacoin.db
[2026-01-31 13:18:00] [INFO] Connexion établie à datas/kipacoin.db
[2026-01-31 13:18:02] [INFO] Déconnexion de la base de données
[2026-01-31 13:25:42] [INFO] Connexion établie à datas/kipacoin.db
[2026-01-31 13:25:42] [QUERY] SELECT 1
[2026-01-31 13:25:53] [INFO] Connexion établie à datas/kipacoin.db
[2026-01-31 13:25:53] [QUERY] Login réussi: Hicks
[2026-01-31 13:39:55] [INFO] Déconnexion de la base de données
[2026-01-31 13:40:02] [INFO] Connexion établie à datas/kipacoin.db
[2026-01-31 13:40:02] [QUERY] SELECT 1
[2026-01-31 13:40:09] [INFO] Connexion établie à datas/kipacoin.db
[2026-01-31 13:40:10] [QUERY] Login réussi: Hicks
[2026-01-31 13:59:03] [INFO] Déconnexion de la base de données
[2026-01-31 13:59:06] [INFO] Connexion établie à datas/kipacoin.db
[2026-01-31 13:59:06] [QUERY] SELECT 1
[2026-01-31 13:59:12] [INFO] Déconnexion de la base de données
[2026-01-31 13:59:14] [INFO] Connexion établie à datas/kipacoin.db
[2026-01-31 13:59:14] [QUERY] SELECT 1
[2026-01-31 13:59:18] [INFO] Déconnexion de la base de données
[2026-01-31 13:59:20] [INFO] Connexion établie à datas/kipacoin.db
[2026-01-31 13:59:20] [QUERY] SELECT 1
[2026-01-31 13:59:27] [INFO] Connexion établie à datas/kipacoin.db
[2026-01-31 13:59:27] [QUERY] Login réussi: Hicks
[2026-01-31 14:48:11] [INFO] Déconnexion de la base de données
[2026-01-31 20:58:15] [INFO] Connexion établie à datas/kipacoin.db
[2026-01-31 20:58:15] [QUERY] SELECT 1
[2026-01-31 20:58:25] [INFO] Déconnexion de la base de données
[2026-01-31 21:03:39] [INFO] Connexion établie à datas/kipacoin.db
[2026-01-31 21:03:39] [QUERY] SELECT 1
[2026-01-31 21:03:47] [INFO] Connexion établie à datas/kipacoin.db
[2026-01-31 21:03:47] [QUERY] Login réussi: Hicks
[2026-01-31 21:03:50] [INFO] Déconnexion de la base de données
[2026-01-31 21:22:02] [INFO] Connexion établie à datas/kipacoin.db
[2026-01-31 21:22:02] [QUERY] SELECT 1
[2026-01-31 21:22:09] [INFO] Connexion établie à datas/kipacoin.db
[2026-01-31 21:22:10] [QUERY] Login réussi: Hicks
[2026-01-31 21:22:47] [INFO] Déconnexion de la base de données
[2026-01-31 21:22:49] [INFO] Connexion établie à datas/kipacoin.db
[2026-01-31 21:22:49] [QUERY] SELECT 1
[2026-01-31 21:22:56] [INFO] Connexion établie à datas/kipacoin.db
[2026-01-31 21:22:57] [QUERY] Login réussi: Hicks
[2026-01-31 21:25:55] [INFO] Déconnexion de la base de données
[2026-01-31 21:26:16] [INFO] Connexion établie à datas/kipacoin.db
[2026-01-31 21:26:16] [QUERY] SELECT 1
[2026-01-31 21:26:29] [INFO] Déconnexion de la base de données
[2026-01-31 21:26:35] [INFO] Connexion établie à datas/kipacoin.db
[2026-01-31 21:26:35] [QUERY] SELECT 1
[2026-01-31 21:26:58] [INFO] Déconnexion de la base de données
[2026-01-31 21:27:04] [INFO] Connexion établie à datas/kipacoin.db
[2026-01-31 21:27:04] [QUERY] SELECT 1
[2026-01-31 21:27:07] [INFO] Déconnexion de la base de données
[2026-01-31 21:27:13] [INFO] Connexion établie à datas/kipacoin.db
[2026-01-31 21:27:13] [QUERY] SELECT 1
[2026-01-31 21:27:16] [INFO] Déconnexion de la base de données
[2026-01-31 21:27:21] [INFO] Connexion établie à datas/kipacoin.db
[2026-01-31 21:27:21] [QUERY] SELECT 1
[2026-01-31 21:27:29] [INFO] Connexion établie à datas/kipacoin.db
[2026-01-31 21:27:29] [QUERY] Login réussi: Hicks
[2026-01-31 21:27:42] [INFO] Connexion établie à datas/kipacoin.db
[2026-01-31 21:27:42] [QUERY] Compte mis à jour: ID 1
[2026-01-31 21:29:44] [INFO] Connexion établie à datas/kipacoin.db
[2026-01-31 21:29:44] [QUERY] Compte mis à jour: ID 1
[2026-01-31 21:29:48] [INFO] Déconnexion de la base de données
[2026-01-31 21:30:15] [INFO] Connexion établie à datas/kipacoin.db
[2026-01-31 21:30:15] [QUERY] SELECT 1
[2026-01-31 21:30:27] [INFO] Connexion établie à datas/kipacoin.db
[2026-01-31 21:30:27] [QUERY] Login réussi: Hicks
[2026-01-31 21:30:32] [INFO] Connexion établie à datas/kipacoin.db
[2026-01-31 21:30:32] [QUERY] Compte mis à jour: ID 1
[2026-01-31 21:33:30] [INFO] Connexion établie à datas/kipacoin.db
[2026-01-31 21:33:30] [QUERY] Compte mis à jour: ID 1
[2026-01-31 21:39:09] [INFO] Déconnexion de la base de données
[2026-01-31 21:39:34] [INFO] Connexion établie à datas/kipacoin.db
[2026-01-31 21:39:34] [QUERY] SELECT 1
[2026-01-31 21:39:40] [INFO] Connexion établie à datas/kipacoin.db
[2026-01-31 21:39:40] [QUERY] Login réussi: Hicks
[2026-01-31 21:39:45] [INFO] Déconnexion de la base de données
[2026-01-31 21:39:48] [INFO] Connexion établie à datas/kipacoin.db
[2026-01-31 21:39:48] [QUERY] SELECT 1
[2026-01-31 21:40:45] [INFO] Déconnexion de la base de données
[2026-01-31 21:44:17] [INFO] Connexion établie à datas/kipacoin.db
[2026-01-31 21:44:17] [QUERY] SELECT 1
[2026-01-31 21:46:35] [INFO] Déconnexion de la base de données
[2026-01-31 21:47:02] [INFO] Connexion établie à datas/kipacoin.db
[2026-01-31 21:47:02] [QUERY] SELECT 1
[2026-01-31 21:47:12] [INFO] Déconnexion de la base de données
[2026-01-31 21:48:12] [INFO] Connexion établie à datas/kipacoin.db
[2026-01-31 21:48:12] [QUERY] SELECT 1
[2026-01-31 21:53:01] [INFO] Déconnexion de la base de données
[2026-01-31 21:53:12] [INFO] Connexion établie à datas/kipacoin.db
[2026-01-31 21:53:12] [QUERY] SELECT 1
[2026-01-31 21:53:27] [INFO] Connexion établie à datas/kipacoin.db
[2026-01-31 21:53:27] [QUERY] Login réussi: Hicks
[2026-01-31 21:59:45] [INFO] Déconnexion de la base de données
[2026-01-31 22:06:41] [INFO] Connexion établie à datas/kipacoin.db
[2026-01-31 22:06:41] [QUERY] SELECT 1
[2026-01-31 22:06:52] [INFO] Connexion établie à datas/kipacoin.db
[2026-01-31 22:06:52] [QUERY] Login réussi: Hicks
[2026-01-31 22:20:53] [INFO] Déconnexion de la base de données
[2026-01-31 22:26:37] [INFO] Connexion établie à datas/kipacoin.db
[2026-01-31 22:26:37] [QUERY] SELECT 1
[2026-01-31 22:26:51] [INFO] Connexion établie à datas/kipacoin.db
[2026-01-31 22:26:51] [QUERY] Login réussi: Hicks
[2026-01-31 22:30:35] [INFO] Déconnexion de la base de données
[2026-01-31 22:30:37] [INFO] Connexion établie à datas/kipacoin.db
[2026-01-31 22:30:37] [QUERY] SELECT 1
[2026-01-31 22:30:47] [INFO] Connexion établie à datas/kipacoin.db
[2026-01-31 22:30:47] [QUERY] Login réussi: Hicks
[2026-01-31 22:34:53] [INFO] Déconnexion de la base de données
[2026-01-31 22:49:08] [INFO] Connexion établie à datas/kipacoin.db
[2026-01-31 22:49:08] [QUERY] SELECT 1
[2026-01-31 22:49:17] [INFO] Connexion établie à datas/kipacoin.db
[2026-01-31 22:49:17] [QUERY] Login réussi: Hicks
[2026-01-31 22:49:34] [INFO] Connexion établie à datas/kipacoin.db
[2026-01-31 22:49:34] [QUERY] Login réussi: Hicks
[2026-01-31 22:51:38] [INFO] Déconnexion de la base de données
[2026-01-31 22:51:40] [INFO] Connexion établie à datas/kipacoin.db
[2026-01-31 22:51:40] [QUERY] SELECT 1
[2026-01-31 22:51:48] [INFO] Connexion établie à datas/kipacoin.db
[2026-01-31 22:51:48] [QUERY] Login réussi: Hicks
[2026-01-31 22:52:42] [INFO] Déconnexion de la base de données
[2026-01-31 22:52:50] [INFO] Connexion établie à datas/kipacoin.db
[2026-01-31 22:52:50] [QUERY] SELECT 1
[2026-01-31 22:52:57] [INFO] Connexion établie à datas/kipacoin.db
[2026-01-31 22:52:57] [QUERY] Login réussi: Hicks
[2026-01-31 22:53:08] [INFO] Déconnexion de la base de données
[2026-01-31 22:53:20] [INFO] Connexion établie à datas/kipacoin.db
[2026-01-31 22:53:20] [QUERY] SELECT 1
[2026-01-31 22:53:36] [INFO] Déconnexion de la base de données
[2026-01-31 22:53:40] [INFO] Connexion établie à datas/kipacoin.db
[2026-01-31 22:53:40] [QUERY] SELECT 1
[2026-01-31 22:53:48] [INFO] Déconnexion de la base de données
[2026-01-31 22:53:56] [INFO] Connexion établie à datas/kipacoin.db
[2026-01-31 22:53:56] [QUERY] SELECT 1
[2026-01-31 22:54:06] [INFO] Connexion établie à datas/kipacoin.db
[2026-01-31 22:54:06] [QUERY] Login réussi: Hicks
[2026-01-31 22:54:15] [INFO] Connexion établie à datas/kipacoin.db
[2026-01-31 22:54:15] [QUERY] Compte mis à jour: ID 1
[2026-01-31 22:54:21] [INFO] Connexion établie à datas/kipacoin.db
[2026-01-31 22:54:21] [QUERY] Compte mis à jour: ID 1
[2026-01-31 22:54:42] [INFO] Connexion établie à datas/kipacoin.db
[2026-01-31 22:54:42] [QUERY] Login réussi: Hicks
[2026-01-31 23:42:08] [INFO] Déconnexion de la base de données
[2026-01-31 23:53:13] [INFO] Connexion établie à datas/kipacoin.db
[2026-01-31 23:53:13] [QUERY] SELECT 1
[2026-01-31 23:53:23] [INFO] Connexion établie à datas/kipacoin.db
[2026-01-31 23:53:23] [QUERY] Login réussi: Hicks
[2026-01-31 23:53:52] [INFO] Déconnexion de la base de données
[2026-01-31 23:53:56] [INFO] Connexion établie à datas/kipacoin.db
[2026-01-31 23:53:56] [QUERY] SELECT 1
[2026-01-31 23:54:37] [INFO] Connexion établie à datas/kipacoin.db
[2026-01-31 23:54:37] [QUERY] Login réussi: Hicks
[2026-01-31 23:56:58] [INFO] Déconnexion de la base de données
[2026-01-31 23:57:01] [INFO] Connexion établie à datas/kipacoin.db
[2026-01-31 23:57:01] [QUERY] SELECT 1
[2026-01-31 23:57:14] [INFO] Connexion établie à datas/kipacoin.db
[2026-01-31 23:57:14] [QUERY] Login réussi: Hicks
[2026-01-31 23:59:31] [INFO] Déconnexion de la base de données
[2026-01-31 23:59:37] [INFO] Connexion établie à datas/kipacoin.db
[2026-01-31 23:59:37] [QUERY] SELECT 1
[2026-01-31 23:59:54] [INFO] Connexion établie à datas/kipacoin.db
[2026-01-31 23:59:54] [QUERY] Login réussi: Hicks
[2026-02-01 00:19:41] [INFO] Déconnexion de la base de données
[2026-02-01 17:44:54] [INFO] Connexion établie à datas/kipacoin.db
[2026-02-01 17:44:54] [QUERY] SELECT 1
[2026-02-01 17:45:23] [INFO] Connexion établie à datas/kipacoin.db
[2026-02-01 17:45:23] [QUERY] Login réussi: Hicks
[2026-02-01 17:55:19] [INFO] Déconnexion de la base de données
[2026-02-01 18:28:32] [INFO] Connexion établie à datas/kipacoin.db
[2026-02-01 18:28:32] [QUERY] SELECT 1
[2026-02-01 18:28:40] [INFO] Connexion établie à datas/kipacoin.db
[2026-02-01 18:28:40] [QUERY] Login réussi: Hicks
[2026-02-01 18:59:22] [INFO] Déconnexion de la base de données
[2026-02-01 18:59:33] [INFO] Connexion établie à datas/kipacoin.db
[2026-02-01 18:59:33] [QUERY] SELECT 1
[2026-02-01 18:59:41] [INFO] Connexion établie à datas/kipacoin.db
[2026-02-01 18:59:41] [QUERY] Login réussi: Hicks
[2026-02-01 20:54:52] [INFO] Déconnexion de la base de données
[2026-02-01 20:55:07] [INFO] Connexion établie à datas/kipacoin.db
[2026-02-01 20:55:07] [QUERY] SELECT 1
[2026-02-01 20:55:16] [INFO] Connexion établie à datas/kipacoin.db
[2026-02-01 20:55:17] [QUERY] Login réussi: Hicks
[2026-02-01 22:27:24] [INFO] Déconnexion de la base de données
[2026-02-01 22:27:27] [INFO] Connexion établie à datas/kipacoin.db
[2026-02-01 22:27:27] [QUERY] SELECT 1
[2026-02-01 22:27:38] [INFO] Connexion établie à datas/kipacoin.db
[2026-02-01 22:27:38] [QUERY] Login réussi: Hicks
[2026-02-01 22:50:56] [INFO] Déconnexion de la base de données
[2026-02-01 22:51:29] [INFO] Connexion établie à datas/kipacoin.db
[2026-02-01 22:51:29] [QUERY] SELECT 1
[2026-02-01 22:51:38] [INFO] Connexion établie à datas/kipacoin.db
[2026-02-01 22:51:38] [QUERY] Login réussi: Hicks
[2026-02-01 22:52:18] [INFO] Déconnexion de la base de données
[2026-02-01 22:52:50] [INFO] Connexion établie à datas/kipacoin.db
[2026-02-01 22:52:50] [QUERY] SELECT 1
[2026-02-01 22:52:58] [INFO] Connexion établie à datas/kipacoin.db
[2026-02-01 22:52:58] [QUERY] Login réussi: Hicks
[2026-02-01 22:53:01] [INFO] Déconnexion de la base de données
[2026-02-01 23:23:51] [INFO] Connexion établie à datas/kipacoin.db
[2026-02-01 23:23:51] [QUERY] SELECT 1
[2026-02-01 23:23:59] [INFO] Connexion établie à datas/kipacoin.db
[2026-02-01 23:23:59] [QUERY] Login réussi: Hicks
[2026-02-01 23:26:37] [INFO] Connexion établie à datas/kipacoin.db
[2026-02-01 23:38:15] [INFO] Déconnexion de la base de données
[2026-02-01 23:48:37] [INFO] Connexion établie à datas/kipacoin.db
[2026-02-01 23:48:37] [QUERY] SELECT 1
[2026-02-01 23:48:44] [INFO] Connexion établie à datas/kipacoin.db
[2026-02-01 23:48:44] [QUERY] Login réussi: Hicks
[2026-02-01 23:48:52] [INFO] Connexion établie à datas/kipacoin.db
[2026-02-01 23:48:52] [QUERY] Login réussi: Hicks
[2026-02-01 23:49:07] [INFO] Connexion établie à datas/kipacoin.db
[2026-02-01 23:49:07] [QUERY] Mot de passe changé: ID 1
[2026-02-01 23:56:25] [INFO] Déconnexion de la base de données
[2026-02-01 23:56:32] [INFO] Connexion établie à datas/kipacoin.db
[2026-02-01 23:56:32] [QUERY] SELECT 1
[2026-02-01 23:58:51] [INFO] Connexion établie à datas/kipacoin.db
[2026-02-01 23:58:55] [INFO] Connexion établie à datas/kipacoin.db
[2026-02-01 23:59:00] [INFO] Connexion établie à datas/kipacoin.db
[2026-02-01 23:59:00] [QUERY] Login réussi: Hicks
[2026-02-01 23:59:27] [INFO] Connexion établie à datas/kipacoin.db
[2026-02-01 23:59:27] [QUERY] Mot de passe changé: ID 1
[2026-02-01 23:59:33] [INFO] Connexion établie à datas/kipacoin.db
[2026-02-01 23:59:33] [QUERY] Compte mis à jour: ID 1
[2026-02-02 00:04:41] [INFO] Déconnexion de la base de données
[2026-02-02 00:04:50] [INFO] Connexion établie à datas/kipacoin.db
[2026-02-02 00:04:50] [QUERY] SELECT 1
[2026-02-02 00:05:01] [INFO] Connexion établie à datas/kipacoin.db
[2026-02-02 00:05:01] [QUERY] Login réussi: Hicks
[2026-02-02 00:05:09] [INFO] Connexion établie à datas/kipacoin.db
[2026-02-02 00:05:09] [QUERY] Compte mis à jour: ID 1
[2026-02-02 00:06:58] [INFO] Déconnexion de la base de données
[2026-02-02 00:07:00] [INFO] Connexion établie à datas/kipacoin.db
[2026-02-02 00:07:00] [QUERY] SELECT 1
[2026-02-02 00:07:10] [INFO] Connexion établie à datas/kipacoin.db
[2026-02-02 00:07:12] [INFO] Connexion établie à datas/kipacoin.db
[2026-02-02 00:07:17] [INFO] Connexion établie à datas/kipacoin.db
[2026-02-02 00:07:17] [QUERY] Login réussi: Hicks
[2026-02-02 00:07:22] [INFO] Connexion établie à datas/kipacoin.db
[2026-02-02 00:07:22] [QUERY] Compte mis à jour: ID 1
[2026-02-02 00:07:49] [INFO] Déconnexion de la base de données
[2026-02-02 00:07:55] [INFO] Connexion établie à datas/kipacoin.db
[2026-02-02 00:07:55] [QUERY] SELECT 1
[2026-02-02 00:08:04] [INFO] Connexion établie à datas/kipacoin.db
[2026-02-02 00:08:04] [QUERY] Login réussi: Hicks
[2026-02-02 00:08:43] [INFO] Déconnexion de la base de données
[2026-02-02 00:10:33] [INFO] Connexion établie à datas/kipacoin.db
[2026-02-02 00:10:33] [QUERY] SELECT 1
[2026-02-02 00:10:42] [INFO] Connexion établie à datas/kipacoin.db
[2026-02-02 00:10:42] [QUERY] Login réussi: Hicks
[2026-02-02 00:10:57] [INFO] Déconnexion de la base de données
[2026-02-02 00:11:00] [INFO] Connexion établie à datas/kipacoin.db
[2026-02-02 00:11:00] [QUERY] SELECT 1
[2026-02-02 00:11:09] [INFO] Connexion établie à datas/kipacoin.db
[2026-02-02 00:11:09] [QUERY] Login réussi: Hicks
[2026-02-02 00:11:16] [INFO] Connexion établie à datas/kipacoin.db
[2026-02-02 00:11:16] [QUERY] Compte mis à jour: ID 1
[2026-02-02 00:11:17] [INFO] Déconnexion de la base de données
[2026-02-02 00:22:10] [INFO] Connexion établie à datas/kipacoin.db
[2026-02-02 00:22:10] [QUERY] SELECT 1
[2026-02-02 00:22:20] [INFO] Connexion établie à datas/kipacoin.db
[2026-02-02 00:22:20] [QUERY] Login réussi: Hicks
[2026-02-02 00:22:54] [INFO] Déconnexion de la base de données
[2026-02-02 00:22:57] [INFO] Connexion établie à datas/kipacoin.db
[2026-02-02 00:22:57] [QUERY] SELECT 1
[2026-02-02 00:23:07] [INFO] Connexion établie à datas/kipacoin.db
[2026-02-02 00:23:07] [QUERY] Login réussi: Hicks
[2026-02-02 00:30:42] [INFO] Déconnexion de la base de données
[2026-02-02 00:30:55] [INFO] Connexion établie à datas/kipacoin.db
[2026-02-02 00:30:55] [QUERY] SELECT 1
[2026-02-02 00:31:04] [INFO] Connexion établie à datas/kipacoin.db
[2026-02-02 00:31:04] [QUERY] Login réussi: Hicks
[2026-02-02 00:31:26] [INFO] Déconnexion de la base de données
[2026-02-02 00:31:29] [INFO] Connexion établie à datas/kipacoin.db
[2026-02-02 00:31:29] [QUERY] SELECT 1
[2026-02-02 00:31:37] [INFO] Connexion établie à datas/kipacoin.db
[2026-02-02 00:31:37] [QUERY] Login réussi: Hicks
[2026-02-02 00:31:55] [INFO] Déconnexion de la base de données
[2026-02-02 00:32:05] [INFO] Connexion établie à datas/kipacoin.db
[2026-02-02 00:32:05] [QUERY] SELECT 1
[2026-02-02 00:32:15] [INFO] Connexion établie à datas/kipacoin.db
[2026-02-02 00:32:15] [QUERY] Login réussi: Hicks
[2026-02-02 00:35:08] [INFO] Déconnexion de la base de données
[2026-02-02 00:35:20] [INFO] Connexion établie à datas/kipacoin.db
[2026-02-02 00:35:20] [QUERY] SELECT 1
[2026-02-02 00:35:31] [INFO] Connexion établie à datas/kipacoin.db
[2026-02-02 00:35:31] [QUERY] Login réussi: Hicks
[2026-02-02 00:36:04] [INFO] Déconnexion de la base de données
[2026-02-02 00:36:07] [INFO] Connexion établie à datas/kipacoin.db
[2026-02-02 00:36:07] [QUERY] SELECT 1
[2026-02-02 00:36:16] [INFO] Connexion établie à datas/kipacoin.db
[2026-02-02 00:36:16] [QUERY] Login réussi: Hicks
[2026-02-02 00:40:16] [INFO] Déconnexion de la base de données
[2026-02-02 00:43:51] [INFO] Connexion établie à datas/kipacoin.db
[2026-02-02 00:43:51] [QUERY] SELECT 1
[2026-02-02 00:44:00] [INFO] Connexion établie à datas/kipacoin.db
[2026-02-02 00:44:01] [QUERY] Login réussi: Hicks
[2026-02-02 00:44:19] [INFO] Déconnexion de la base de données
[2026-02-02 00:44:52] [INFO] Connexion établie à datas/kipacoin.db
[2026-02-02 00:44:52] [QUERY] SELECT 1
[2026-02-02 00:45:13] [INFO] Connexion établie à datas/kipacoin.db
[2026-02-02 00:45:14] [INFO] Connexion établie à datas/kipacoin.db
[2026-02-02 00:45:15] [QUERY] Login réussi: Hicks
[2026-02-02 00:45:18] [INFO] Déconnexion de la base de données
[2026-02-02 00:53:30] [INFO] Connexion établie à datas/kipacoin.db
[2026-02-02 00:53:30] [QUERY] SELECT 1
[2026-02-02 00:53:38] [INFO] Connexion établie à datas/kipacoin.db
[2026-02-02 00:53:38] [QUERY] Login réussi: Hicks
[2026-02-02 00:59:47] [INFO] Déconnexion de la base de données
[2026-02-02 00:59:49] [INFO] Connexion établie à datas/kipacoin.db
[2026-02-02 00:59:49] [QUERY] SELECT 1
[2026-02-02 00:59:59] [INFO] Connexion établie à datas/kipacoin.db
[2026-02-02 00:59:59] [QUERY] Login réussi: Hicks
[2026-02-02 01:01:58] [INFO] Déconnexion de la base de données
[2026-02-02 01:02:01] [INFO] Connexion établie à datas/kipacoin.db
[2026-02-02 01:02:01] [QUERY] SELECT 1
[2026-02-02 01:02:10] [INFO] Connexion établie à datas/kipacoin.db
[2026-02-02 01:02:11] [QUERY] Login réussi: Hicks
[2026-02-02 01:48:26] [INFO] Déconnexion de la base de données
[2026-02-02 01:48:28] [INFO] Connexion établie à datas/kipacoin.db
[2026-02-02 01:48:28] [QUERY] SELECT 1
[2026-02-02 01:48:45] [INFO] Connexion établie à datas/kipacoin.db
[2026-02-02 01:48:45] [QUERY] Login réussi: Hicks
[2026-02-02 02:15:39] [INFO] Déconnexion de la base de données
[2026-02-02 02:20:51] [INFO] Connexion établie à datas/kipacoin.db
[2026-02-02 02:20:51] [QUERY] SELECT 1
[2026-02-02 02:21:00] [INFO] Connexion établie à datas/kipacoin.db
[2026-02-02 02:21:00] [QUERY] Login réussi: Hicks
[2026-02-02 03:56:54] [INFO] Déconnexion de la base de données
[2026-02-02 19:35:20] [INFO] Connexion établie à datas/kipacoin.db
[2026-02-02 19:35:20] [QUERY] SELECT 1
[2026-02-02 19:35:39] [INFO] Connexion établie à datas/kipacoin.db
[2026-02-02 19:35:39] [QUERY] Login réussi: Hicks
[2026-02-02 19:58:18] [INFO] Déconnexion de la base de données
[2026-02-02 19:58:22] [INFO] Connexion établie à datas/kipacoin.db
[2026-02-02 19:58:22] [QUERY] SELECT 1
[2026-02-02 20:05:32] [INFO] Déconnexion de la base de données
[2026-02-02 23:27:15] [INFO] Connexion établie à datas/kipacoin.db
[2026-02-02 23:27:15] [QUERY] SELECT 1
[2026-02-02 23:27:28] [INFO] Connexion établie à datas/kipacoin.db
[2026-02-02 23:27:28] [QUERY] Login réussi: Hicks
[2026-02-02 23:31:46] [INFO] Déconnexion de la base de données
[2026-02-02 23:33:37] [INFO] Connexion établie à datas/kipacoin.db
[2026-02-02 23:33:37] [QUERY] SELECT 1
[2026-02-02 23:33:46] [INFO] Connexion établie à datas/kipacoin.db
[2026-02-02 23:33:46] [QUERY] Login réussi: Hicks
[2026-02-02 23:37:18] [INFO] Déconnexion de la base de données
[2026-02-02 23:41:02] [INFO] Connexion établie à datas/kipacoin.db
[2026-02-02 23:41:02] [QUERY] SELECT 1
[2026-02-02 23:41:19] [INFO] Connexion établie à datas/kipacoin.db
[2026-02-02 23:41:19] [QUERY] Login réussi: Hicks
[2026-02-02 23:42:40] [INFO] Déconnexion de la base de données
[2026-02-02 23:46:27] [INFO] Connexion établie à datas/kipacoin.db
[2026-02-02 23:46:27] [QUERY] SELECT 1
[2026-02-02 23:46:36] [INFO] Connexion établie à datas/kipacoin.db
[2026-02-02 23:46:36] [QUERY] Login réussi: Hicks
[2026-02-02 23:54:23] [INFO] Déconnexion de la base de données
[2026-02-02 23:54:29] [INFO] Connexion établie à datas/kipacoin.db
[2026-02-02 23:54:29] [QUERY] SELECT 1
[2026-02-02 23:54:43] [INFO] Connexion établie à datas/kipacoin.db
[2026-02-02 23:54:43] [QUERY] Login réussi: Hicks
[2026-02-03 00:02:07] [INFO] Déconnexion de la base de données
[2026-02-03 00:02:10] [INFO] Connexion établie à datas/kipacoin.db
[2026-02-03 00:02:10] [QUERY] SELECT 1
[2026-02-03 00:05:19] [INFO] Déconnexion de la base de données
[2026-02-03 00:16:38] [INFO] Connexion établie à datas/kipacoin.db
[2026-02-03 00:16:38] [QUERY] SELECT 1
[2026-02-03 00:18:00] [INFO] Déconnexion de la base de données
[2026-02-03 00:53:04] [INFO] Connexion établie à datas/kipacoin.db
[2026-02-03 00:53:04] [QUERY] Login réussi: Hicks
[2026-02-03 00:57:42] [INFO] Connexion établie à datas/kipacoin.db
[2026-02-03 00:57:42] [QUERY] Login réussi: Hicks
[2026-02-03 13:54:07] [INFO] Connexion établie à datas/kipacoin.db
[2026-02-03 13:54:07] [QUERY] Login réussi: Hicks
[2026-02-03 13:56:10] [INFO] Connexion établie à datas/kipacoin.db
[2026-02-03 13:56:10] [QUERY] Login réussi: Hicks
[2026-02-03 17:14:22] [INFO] Connexion établie à datas/kipacoin.db
[2026-02-03 17:14:22] [QUERY] Login réussi: Hicks
[2026-02-03 17:19:39] [INFO] Connexion établie à datas/kipacoin.db
[2026-02-03 17:19:39] [QUERY] Login réussi: Hicks
[2026-02-03 17:20:36] [INFO] Connexion établie à datas/kipacoin.db
[2026-02-03 17:20:37] [QUERY] Login réussi: Hicks
[2026-02-03 17:22:51] [INFO] Connexion établie à datas/kipacoin.db
[2026-02-03 17:22:52] [QUERY] Login réussi: Hicks
[2026-02-03 17:38:33] [INFO] Connexion établie à datas/kipacoin.db
[2026-02-03 17:38:33] [QUERY] Login réussi: Hicks
[2026-02-03 19:06:20] [INFO] Connexion établie à datas/kipacoin.db
[2026-02-03 19:06:21] [QUERY] Login réussi: Hicks
[2026-02-03 19:09:50] [INFO] Connexion établie à datas/kipacoin.db
[2026-02-03 19:09:50] [QUERY] Login réussi: Hicks
[2026-02-03 19:38:09] [INFO] Connexion établie à datas/kipacoin.db
[2026-02-03 19:38:10] [QUERY] Login réussi: Hicks
[2026-02-09 16:00:02] [INFO] Connexion établie à datas/cointrader.db
[2026-02-09 16:00:10] [INFO] Connexion établie à datas/cointrader.db
[2026-02-09 16:00:10] [ERROR] Erreur récupération api keys: no such column: ak.account_id
[2026-02-09 16:00:11] [INFO] Connexion établie à datas/cointrader.db
[2026-02-09 16:00:11] [ERROR] Erreur récupération api keys: no such column: ak.account_id
[2026-02-09 16:12:45] [INFO] Connexion établie à datas/cointrader.db
[2026-02-09 16:12:45] [ERROR] Erreur récupération api keys: no such column: ak.account_id
[2026-02-09 16:12:59] [INFO] Connexion établie à datas/cointrader.db
[2026-02-09 16:14:41] [INFO] Connexion établie à datas/cointrader.db
[2026-02-09 16:14:44] [INFO] Connexion établie à datas/cointrader.db
[2026-02-09 16:31:56] [INFO] Connexion établie à datas/cointrader.db
[2026-02-09 16:31:58] [INFO] Connexion établie à datas/cointrader.db
[2026-02-09 16:32:01] [INFO] Connexion établie à datas/cointrader.db
[2026-02-09 16:32:04] [INFO] Connexion établie à datas/cointrader.db
[2026-02-09 16:38:16] [INFO] Connexion établie à datas/cointrader.db
[2026-02-09 16:39:34] [INFO] Connexion établie à datas/cointrader.db
[2026-02-09 21:34:34] [INFO] Connexion établie à datas/cointrader.db
[2026-02-09 21:34:42] [INFO] Connexion établie à datas/cointrader.db
[2026-02-09 21:34:49] [INFO] Connexion établie à datas/cointrader.db
